mode: count
github.com/yuin/gluare/gluare.go:9.32,14.2 4 1
github.com/yuin/gluare/gluare.go:23.33,27.2 3 1
github.com/yuin/gluare/gluare.go:29.32,32.40 3 6
github.com/yuin/gluare/gluare.go:37.2,39.21 3 5
github.com/yuin/gluare/gluare.go:43.2,43.11 1 5
github.com/yuin/gluare/gluare.go:54.2,55.16 2 3
github.com/yuin/gluare/gluare.go:58.2,60.66 3 2
github.com/yuin/gluare/gluare.go:64.2,67.31 4 1
github.com/yuin/gluare/gluare.go:70.2,70.19 1 1
github.com/yuin/gluare/gluare.go:32.40,36.3 3 1
github.com/yuin/gluare/gluare.go:39.21,41.3 1 2
github.com/yuin/gluare/gluare.go:43.11,45.14 2 2
github.com/yuin/gluare/gluare.go:49.3,51.11 3 1
github.com/yuin/gluare/gluare.go:45.14,48.4 2 1
github.com/yuin/gluare/gluare.go:55.16,57.3 1 1
github.com/yuin/gluare/gluare.go:60.66,63.3 2 1
github.com/yuin/gluare/gluare.go:67.31,69.3 1 1
github.com/yuin/gluare/gluare.go:73.32,81.16 7 7
github.com/yuin/gluare/gluare.go:84.2,85.41 2 6
github.com/yuin/gluare/gluare.go:90.2,90.27 1 5
github.com/yuin/gluare/gluare.go:98.2,99.10 2 5
github.com/yuin/gluare/gluare.go:81.16,83.3 1 1
github.com/yuin/gluare/gluare.go:85.41,89.3 3 1
github.com/yuin/gluare/gluare.go:91.2,92.63 1 1
github.com/yuin/gluare/gluare.go:93.2,94.56 1 2
github.com/yuin/gluare/gluare.go:95.2,96.55 1 2
github.com/yuin/gluare/gluare.go:107.61,110.31 3 5
github.com/yuin/gluare/gluare.go:122.2,122.20 1 5
github.com/yuin/gluare/gluare.go:110.31,115.25 5 8
github.com/yuin/gluare/gluare.go:118.3,120.30 3 8
github.com/yuin/gluare/gluare.go:115.25,117.4 1 8
github.com/yuin/gluare/gluare.go:125.84,127.32 2 1
github.com/yuin/gluare/gluare.go:137.2,137.39 1 1
github.com/yuin/gluare/gluare.go:127.32,129.14 2 2
github.com/yuin/gluare/gluare.go:132.3,134.75 3 2
github.com/yuin/gluare/gluare.go:129.14,130.12 1 0
github.com/yuin/gluare/gluare.go:140.87,142.32 2 2
github.com/yuin/gluare/gluare.go:158.2,158.39 1 2
github.com/yuin/gluare/gluare.go:142.32,145.14 3 4
github.com/yuin/gluare/gluare.go:148.3,148.21 1 4
github.com/yuin/gluare/gluare.go:153.3,154.28 2 4
github.com/yuin/gluare/gluare.go:145.14,146.12 1 0
github.com/yuin/gluare/gluare.go:148.21,150.4 1 2
github.com/yuin/gluare/gluare.go:150.4,152.4 1 2
github.com/yuin/gluare/gluare.go:154.28,156.4 1 4
github.com/yuin/gluare/gluare.go:161.89,163.32 2 2
github.com/yuin/gluare/gluare.go:186.2,186.39 1 2
github.com/yuin/gluare/gluare.go:163.32,165.14 2 2
github.com/yuin/gluare/gluare.go:168.3,170.21 3 2
github.com/yuin/gluare/gluare.go:179.3,182.26 4 2
github.com/yuin/gluare/gluare.go:165.14,166.12 1 0
github.com/yuin/gluare/gluare.go:170.21,171.39 1 1
github.com/yuin/gluare/gluare.go:171.39,174.5 2 1
github.com/yuin/gluare/gluare.go:175.4,178.4 2 1
github.com/yuin/gluare/gluare.go:182.26,184.4 1 2
github.com/yuin/gluare/gluare.go:195.38,201.25 6 6
github.com/yuin/gluare/gluare.go:204.2,206.21 3 4
github.com/yuin/gluare/gluare.go:211.2,211.37 1 2
github.com/yuin/gluare/gluare.go:214.2,214.25 1 2
github.com/yuin/gluare/gluare.go:201.25,203.3 1 2
github.com/yuin/gluare/gluare.go:206.21,209.3 2 2
github.com/yuin/gluare/gluare.go:211.37,213.3 1 4
github.com/yuin/gluare/gluare.go:217.34,221.16 4 3
github.com/yuin/gluare/gluare.go:224.2,228.10 5 2
github.com/yuin/gluare/gluare.go:221.16,223.3 1 1
github.com/yuin/gluare/gluare.go:231.33,236.16 5 6
github.com/yuin/gluare/gluare.go:239.2,240.16 2 6
github.com/yuin/gluare/gluare.go:244.2,245.16 2 6
github.com/yuin/gluare/gluare.go:248.2,251.15 4 5
github.com/yuin/gluare/gluare.go:236.16,238.3 1 1
github.com/yuin/gluare/gluare.go:240.16,242.3 1 0
github.com/yuin/gluare/gluare.go:245.16,247.3 1 1
github.com/yuin/gluare/gluare.go:252.2,254.11 2 1
github.com/yuin/gluare/gluare.go:255.2,257.11 2 3
github.com/yuin/gluare/gluare.go:258.2,259.37 1 1
github.com/yuin/gluare/gluare.go:262.3,262.19 1 1
github.com/yuin/gluare/gluare.go:259.37,261.4 1 2
github.com/yuin/gluare/gluare.go:267.62,268.21 1 5
github.com/yuin/gluare/gluare.go:271.2,272.11 2 5
github.com/yuin/gluare/gluare.go:275.2,275.11 1 5
github.com/yuin/gluare/gluare.go:278.2,278.21 1 5
github.com/yuin/gluare/gluare.go:281.2,281.10 1 5
github.com/yuin/gluare/gluare.go:268.21,270.3 1 5
github.com/yuin/gluare/gluare.go:272.11,274.3 1 1
github.com/yuin/gluare/gluare.go:275.11,277.3 1 0
github.com/yuin/gluare/gluare.go:278.21,280.3 1 0
